<?xml version="1.0" encoding="UTF-8"?>
<!-- Generated by org.testng.reporters.JUnitReportReporter -->
<testsuite skipped="0" hostname="ASHOK-PC" name="com.qa.tests.LoginTest" tests="1" failures="0" timestamp="17 Jan 2018 10:17:17 GMT" time="0.010" errors="0">
  <testcase name="test" time="0.010" classname="com.qa.tests.LoginTest"/>
</testsuite> <!-- com.qa.tests.LoginTest -->
